City map #1: 12 camera(s) found
Belhaven
Bluehill
Butterspring
Crystalbay
Deepbridge
Deepholt
Deermarsh
Dellbarrow
Dorwald
Edgecliff
Glassbridge
Hedgefort

City map #2: 30 camera(s) found
Aldmist
Aldpond
Applebarrow
Applebridge
Ashton
Beachhollow
Belhaven
Blackbarrow
Blackham
Bridgeacre
Brightfalcon
Butterbank
Byport
Castlecoast
Clearcliff
Clearston
Coldcliff
Coracre
Corcliff
Crystalbay
Deeplight
Deepvale
Esterden
Falledge
Fallgriffin
Faycastle
Glassbridge
Glassfog
Glasswitch
Goldacre

City map #3: 10 camera(s) found
Aldpond
Applelake
Belcrest
Belhaven
Blackpond
Bluefair
Bluehill
Buttershade
Castlecoast
Clearston

City map #4: 14 camera(s) found
Belhaven
Blackbarrow
Bluecliff
Brightfalcon
Brightgrass
Bushlake
Coldcliff
Corcliff
Crystalvale
Deepmeadow
Dellbarrow
Draccastle
Edgecliff
Esterden

City map #5: 0 camera(s) found

City map #6: 12 camera(s) found
Aldpond
Applebridge
Belcrest
Blackton
Bluegold
Bluehill
Brightgrass
Bushlake
Clearcliff
Corcliff
Crystalshade
Crystalvale

City map #7: 0 camera(s) found

City map #8: 13 camera(s) found
Aldmist
Applelake
Blackpond
Blackton
Butterbank
Draclake
Eastfall
Edgecliff
Estercastle
Fallash
Faycastle
Faywald
Greengriffin

City map #9: 0 camera(s) found

City map #10: 22 camera(s) found
Aldpond
Applebarrow
Ashfield
Belcrest
Belhaven
Blackham
Bluefair
Brightgrass
Butterbank
Butterloch
Butterspring
Coldcliff
Crystalbay
Crystalvale
Deepbridge
Deeplight
Deermarsh
Dellbarrow
Dorwald
Eastedge
Esterden
Falledge

City map #11: 12 camera(s) found
Aldcliff
Aldford
Aldshore
Ashton
Bellvale
Blackham
Bluegold
Bridgeacre
Brightfalcon
Brightgrass
Clearcliff
Clearston

City map #12: 17 camera(s) found
Aldmallow
Aldmist
Applelake
Beachhollow
Blackton
Brightgrass
Bushlake
Crystalbay
Crystalvale
Deeplight
Deepvale
Deepwind
Deermarsh
Eastborough
Fallash
Falledge
Faycrystal

City map #13: 3 camera(s) found
Applebarrow
Applebridge
Bellvale

City map #14: 0 camera(s) found

City map #15: 0 camera(s) found

City map #16: 6 camera(s) found
Aldpond
Belcrest
Bluefair
Brightfalcon
Bushlake
Buttershade

City map #17: 4 camera(s) found
Aldmist
Aldpond
Bluefair
Brightgrass

City map #18: 5 camera(s) found
Aldshore
Blackham
Blackton
Bluehill
Bushlake

City map #19: 0 camera(s) found

City map #20: 7 camera(s) found
Applebridge
Applelake
Beachhollow
Brightgrass
Butterloch
Clearcliff
Deepcoast

City map #21: 0 camera(s) found

City map #22: 16 camera(s) found
Beachhollow
Belhaven
Bluefair
Butterspring
Crystalbay
Deepcoast
Deepholt
Deepvale
Eastborough
Esterden
Fogtown
Greenhedge
Greenmist
Greyedge
Hedgefort
Lakehedge

City map #23: 5 camera(s) found
Aldmist
Belcrest
Blackpond
Bluefair
Bluegold

City map #24: 23 camera(s) found
Applebridge
Blackton
Bluegold
Butterbank
Butterloch
Byport
Clearcliff
Crystalshade
Deepcoast
Deepwind
Dorwald
Draccastle
Draclake
Eastborough
Eastfall
Esterden
Fallash
Freyholt
Glasslyn
Glasswitch
Goldacre
Greengriffin
Hedgefort

City map #25: 0 camera(s) found

City map #26: 0 camera(s) found

City map #27: 15 camera(s) found
Aldmist
Ashfield
Bluecliff
Bluegold
Bluehill
Bridgeacre
Clearcliff
Clearston
Deepmeadow
Deepvale
Deepwind
Eastfall
Estercastle
Fallash
Fallwitch

City map #28: 0 camera(s) found

City map #29: 12 camera(s) found
Aldcliff
Aldmist
Bellvale
Blackpond
Coldcliff
Deepwind
Draclake
Edgecliff
Esterden
Falledge
Janford
Lightbutter

City map #30: 9 camera(s) found
Aldpond
Applebarrow
Ashfield
Butterloch
Corcliff
Deepholt
Dellbarrow
Draclake
Eastedge

City map #31: 3 camera(s) found
Applebarrow
Coldcliff
Deepmeadow

City map #32: 3 camera(s) found
Blackham
Blackton
Bluecliff

City map #33: 0 camera(s) found

City map #34: 0 camera(s) found

City map #35: 6 camera(s) found
Aldcliff
Aldmallow
Aldmist
Ashfield
Bellvale
Butterbank

City map #36: 4 camera(s) found
Aldcliff
Aldshore
Applebridge
Applelake

City map #37: 5 camera(s) found
Bellvale
Castlecoast
Corcliff
Deepbridge
Deepmeadow

City map #38: 15 camera(s) found
Aldmallow
Aldmist
Blackbarrow
Bluecliff
Bluefair
Bluegold
Butterloch
Castlecoast
Clearcliff
Clearston
Coldcliff
Crystalbay
Deeplight
Dellbarrow
Dorwald

City map #39: 0 camera(s) found

City map #40: 5 camera(s) found
Aldshore
Applelake
Ashfield
Coracre
Corcliff

City map #41: 10 camera(s) found
Aldmist
Ashfield
Bluefair
Crystalvale
Deepholt
Deepvale
Eastedge
Faycrystal
Greenmist
Griffingate

City map #42: 6 camera(s) found
Aldmist
Aldshore
Blackpond
Clearcliff
Deepholt
Faycrystal

City map #43: 18 camera(s) found
Applebridge
Blackbarrow
Byport
Coldcliff
Corcliff
Deepholt
Deepvale
Dorwald
Edgecliff
Estercastle
Falledge
Faywater
Fogley
Greengriffin
Greenmist
Griffingate
Hedgefort
Icemount

City map #44: 0 camera(s) found

City map #45: 0 camera(s) found

City map #46: 0 camera(s) found

City map #47: 9 camera(s) found
Bridgeacre
Butterspring
Clearston
Crystalvale
Estercastle
Fogley
Greengriffin
Highpond
Icemount

City map #48: 6 camera(s) found
Aldshore
Blackbarrow
Bluegold
Bluehill
Coracre
Deepmeadow

City map #49: 15 camera(s) found
Aldford
Aldshore
Applebarrow
Applebridge
Ashfield
Blackbarrow
Blackton
Bluecliff
Bluehill
Butterbank
Buttershade
Clearcliff
Coracre
Corcliff
Dellbarrow

City map #50: 0 camera(s) found

City map #51: 13 camera(s) found
Aldmallow
Aldshore
Applebarrow
Blackbarrow
Butterspring
Byport
Coldcliff
Corcliff
Deepmeadow
Deepwind
Draccastle
Eastborough
Esterden

City map #52: 10 camera(s) found
Applebridge
Beachhollow
Blackbarrow
Blackpond
Bluefair
Brightfalcon
Bushlake
Buttershade
Crystalbay
Crystalshade

City map #53: 12 camera(s) found
Applelake
Belhaven
Blackham
Bluegold
Brightfalcon
Coracre
Fallash
Faycastle
Faymoor
Faywald
Faywater
Hollowcastle

City map #54: 5 camera(s) found
Ashton
Belhaven
Bellvale
Bluefair
Coracre

City map #55: 0 camera(s) found

City map #56: 9 camera(s) found
Applelake
Ashfield
Ashton
Belcrest
Blackbarrow
Bluegold
Bushlake
Butterbank
Coldcliff

City map #57: 12 camera(s) found
Aldcliff
Applebridge
Beachhollow
Bluecliff
Bridgeacre
Brightgrass
Butterloch
Crystalbay
Deepbridge
Deepcoast
Deepholt
Deepmeadow

City map #58: 4 camera(s) found
Aldford
Aldshore
Blackham
Byport

City map #59: 4 camera(s) found
Applelake
Ashton
Blackham
Bluecliff

City map #60: 13 camera(s) found
Aldcliff
Applebarrow
Ashfield
Bluegold
Bushlake
Castlecoast
Clearston
Deepbridge
Estercastle
Fallwitch
Faywald
Fogtown
Glassbridge

City map #61: 3 camera(s) found
Aldcliff
Aldford
Applebarrow

City map #62: 20 camera(s) found
Aldcliff
Aldmist
Applebarrow
Blackton
Bluegold
Bluehill
Butterbank
Deepholt
Deepwind
Dorwald
Draccastle
Estercastle
Esterden
Falledge
Faywald
Fogtown
Glasswitch
Griffingate
Hollowcastle
Icemount

City map #63: 2 camera(s) found
Coracre
Crystalbay

City map #64: 2 camera(s) found
Belhaven
Deepcoast

City map #65: 8 camera(s) found
Aldshore
Belhaven
Blackpond
Bluehill
Brightfalcon
Brightgrass
Coldcliff
Deepvale

City map #66: 2 camera(s) found
Aldmallow
Blackpond

City map #67: 0 camera(s) found

City map #68: 21 camera(s) found
Aldmist
Belhaven
Bellvale
Blackbarrow
Blackpond
Blackton
Brightfalcon
Clearcliff
Clearston
Coldcliff
Crystalshade
Dorwald
Draccastle
Eastborough
Faycastle
Faymoor
Faywater
Fogley
Glassfog
Greengriffin
Greenhedge

City map #69: 2 camera(s) found
Blackton
Buttershade

City map #70: 0 camera(s) found

City map #71: 0 camera(s) found

City map #72: 8 camera(s) found
Aldmallow
Aldmist
Bushlake
Butterloch
Clearcliff
Deepholt
Falledge
Greengriffin

City map #73: 0 camera(s) found

City map #74: 0 camera(s) found

City map #75: 0 camera(s) found

City map #76: 0 camera(s) found

City map #77: 14 camera(s) found
Aldpond
Applelake
Ashfield
Blackbarrow
Bluefair
Bridgeacre
Butterspring
Castlecoast
Coldcliff
Draccastle
Draclake
Eastborough
Fogley
Glasslyn

City map #78: 7 camera(s) found
Bridgeacre
Buttershade
Eastedge
Estercastle
Fallash
Freyholt
Griffingate

City map #79: 2 camera(s) found
Aldshore
Falledge

City map #80: 22 camera(s) found
Aldmist
Aldshore
Applebridge
Ashton
Blackpond
Bluefair
Bushlake
Butterloch
Coracre
Crystalvale
Deermarsh
Draccastle
Eastborough
Fallash
Fallgriffin
Fallwitch
Faycastle
Faywald
Faywater
Faywick
Greyedge
Greyford

City map #81: 2 camera(s) found
Bellvale
Bluegold

City map #82: 16 camera(s) found
Aldpond
Applebarrow
Ashfield
Blackbarrow
Bluecliff
Brightfalcon
Buttershade
Castlecoast
Clearcliff
Clearston
Coldcliff
Crystalbay
Deepholt
Deeplight
Falledge
Faycastle

City map #83: 8 camera(s) found
Aldford
Aldmallow
Beachhollow
Belhaven
Blackton
Bluegold
Butterloch
Buttershade

City map #84: 0 camera(s) found

City map #85: 0 camera(s) found

City map #86: 0 camera(s) found

City map #87: 5 camera(s) found
Aldcliff
Butterloch
Coracre
Deepvale
Dellbarrow

City map #88: 0 camera(s) found

City map #89: 0 camera(s) found

City map #90: 21 camera(s) found
Ashton
Belcrest
Belhaven
Blackham
Blackpond
Bluehill
Butterbank
Coldcliff
Corcliff
Deepbridge
Deepcoast
Deepholt
Draclake
Falledge
Fallgriffin
Faycastle
Faycrystal
Faymoor
Fogley
Glassbridge
Greenhedge

City map #91: 8 camera(s) found
Aldshore
Belhaven
Blackton
Brightfalcon
Butterspring
Coldcliff
Fogtown
Greenhedge

City map #92: 0 camera(s) found

City map #93: 4 camera(s) found
Aldcliff
Aldpond
Applebarrow
Applebridge

City map #94: 4 camera(s) found
Buttershade
Castlecoast
Coldcliff
Glassfog

City map #95: 1 camera(s) found
Aldshore

City map #96: 25 camera(s) found
Aldcliff
Aldshore
Applebarrow
Applebridge
Ashfield
Blackbarrow
Bluefair
Brightgrass
Butterloch
Clearston
Crystalbay
Deepbridge
Deepcoast
Deeplight
Deermarsh
Eastborough
Edgecliff
Greengriffin
Greenhedge
Hedgefort
Hollowcastle
Icelake
Iceshore
Lakebush
Lightholt

City map #97: 13 camera(s) found
Aldpond
Ashfield
Bluegold
Bluehill
Brightfalcon
Bushlake
Clearston
Coracre
Corcliff
Draclake
Falledge
Fallgriffin
Faycastle

City map #98: 1 camera(s) found
Applelake

City map #99: 20 camera(s) found
Aldcliff
Aldmist
Aldpond
Aldshore
Applelake
Ashfield
Ashton
Bluecliff
Butterbank
Corcliff
Crystalvale
Deepbridge
Deeplight
Deepvale
Deermarsh
Faywald
Goldacre
Greyford
Griffingate
Lightford

City map #100: 6 camera(s) found
Aldmallow
Ashton
Clearcliff
Crystalbay
Deepwind
Faywick

City map #101: 12 camera(s) found
Aldmallow
Aldmist
Applebridge
Beachhollow
Belcrest
Belhaven
Bridgeacre
Butterloch
Clearston
Coldcliff
Crystalbay
Crystalshade

City map #102: 6 camera(s) found
Aldcliff
Aldmallow
Aldshore
Applebridge
Belcrest
Belhaven

City map #103: 5 camera(s) found
Aldmist
Applelake
Belhaven
Blackton
Bluefair

City map #104: 24 camera(s) found
Aldford
Aldpond
Applebridge
Applelake
Bridgeacre
Brightgrass
Bushlake
Butterbank
Butterloch
Clearcliff
Corcliff
Crystalbay
Deepholt
Deepvale
Dellbarrow
Dorwald
Draclake
Eastfall
Esterden
Fallash
Faywald
Faywick
Fogley
Glasslyn

City map #105: 19 camera(s) found
Aldford
Aldpond
Belcrest
Blackton
Bluecliff
Bluefair
Buttershade
Castlecoast
Clearcliff
Deepbridge
Deepmeadow
Deepwind
Dorwald
Eastedge
Fallwitch
Faywald
Fogley
Glassbridge
Goldacre

City map #106: 6 camera(s) found
Clearcliff
Coracre
Corcliff
Crystalshade
Deepvale
Eastborough

City map #107: 0 camera(s) found

City map #108: 11 camera(s) found
Aldcliff
Aldmist
Blackbarrow
Blackpond
Bluegold
Brightfalcon
Deepholt
Eastborough
Greyedge
Hedgefort
Lightbutter

City map #109: 0 camera(s) found

City map #110: 11 camera(s) found
Aldmallow
Aldshore
Ashton
Beachhollow
Bellvale
Blackbarrow
Blackham
Blackpond
Blackton
Bluehill
Brightfalcon

City map #111: 20 camera(s) found
Aldmist
Applelake
Ashfield
Belcrest
Brightfalcon
Brightgrass
Bushlake
Butterspring
Coracre
Corcliff
Deepbridge
Deepholt
Deepwind
Draclake
Edgecliff
Faycrystal
Faywater
Freyholt
Glasslyn
Greengriffin

City map #112: 6 camera(s) found
Aldmallow
Ashton
Clearston
Deermarsh
Fallgriffin
Faywald

City map #113: 9 camera(s) found
Aldford
Bluegold
Butterspring
Deepwind
Deermarsh
Dellbarrow
Eastborough
Eastfall
Edgecliff

City map #114: 9 camera(s) found
Blackbarrow
Bluefair
Butterloch
Butterspring
Clearcliff
Deepcoast
Eastborough
Greyford
Highpond

City map #115: 25 camera(s) found
Aldpond
Aldshore
Applebridge
Ashton
Beachhollow
Blackbarrow
Blackpond
Bluecliff
Bluegold
Bushlake
Butterspring
Clearcliff
Coldcliff
Crystalvale
Deepcoast
Deepvale
Deepwind
Eastedge
Estercastle
Esterden
Fallash
Fallgriffin
Faymoor
Freyholt
Glasswitch

City map #116: 22 camera(s) found
Belcrest
Bellvale
Blackton
Bluehill
Bushlake
Butterloch
Coracre
Crystalshade
Deepvale
Dorwald
Draclake
Estercastle
Esterden
Fallwitch
Faycastle
Faycrystal
Faymoor
Faywater
Glasswitch
Greengriffin
Greenhedge
Griffingate

City map #117: 11 camera(s) found
Applebridge
Applelake
Ashton
Beachhollow
Byport
Castlecoast
Crystalbay
Faymoor
Faywater
Freyholt
Greyedge

City map #118: 0 camera(s) found

City map #119: 3 camera(s) found
Aldmist
Crystalbay
Esterden

City map #120: 1 camera(s) found
Aldcliff

City map #121: 6 camera(s) found
Ashton
Butterloch
Buttershade
Castlecoast
Deeplight
Deepmeadow

City map #122: 0 camera(s) found

City map #123: 0 camera(s) found

City map #124: 0 camera(s) found

City map #125: 8 camera(s) found
Aldmist
Applebarrow
Beachhollow
Blackham
Bluegold
Coldcliff
Deepcoast
Deepvale

City map #126: 0 camera(s) found

City map #127: 0 camera(s) found

City map #128: 0 camera(s) found

City map #129: 22 camera(s) found
Aldcliff
Aldmist
Aldshore
Applebridge
Ashton
Blackbarrow
Blackham
Bluegold
Coldcliff
Crystalshade
Deepcoast
Deepvale
Dorwald
Draccastle
Glassbridge
Glassfog
Glasslyn
Greenhedge
Greyhill
Hollowcastle
Icemount
Lakehedge

City map #130: 0 camera(s) found

City map #131: 0 camera(s) found

City map #132: 0 camera(s) found

City map #133: 2 camera(s) found
Aldmallow
Applebridge

City map #134: 7 camera(s) found
Aldcliff
Aldford
Aldmallow
Aldshore
Applelake
Ashfield
Beachhollow

City map #135: 11 camera(s) found
Applebridge
Blackham
Blackton
Bluecliff
Bridgeacre
Brightgrass
Bushlake
Butterloch
Clearston
Coldcliff
Deepmeadow

City map #136: 1 camera(s) found
Brightfalcon

City map #137: 9 camera(s) found
Blackham
Brightfalcon
Bushlake
Buttershade
Castlecoast
Coldcliff
Draccastle
Eastedge
Eastfall

City map #138: 13 camera(s) found
Aldford
Aldmist
Applelake
Belhaven
Blackbarrow
Butterloch
Dellbarrow
Eastborough
Estercastle
Falledge
Fallwitch
Faywater
Greengriffin

City map #139: 0 camera(s) found

City map #140: 24 camera(s) found
Aldcliff
Aldford
Aldmist
Aldshore
Applebarrow
Ashfield
Belhaven
Blackpond
Blackton
Butterbank
Butterspring
Clearston
Coldcliff
Coracre
Corcliff
Deeplight
Deepmeadow
Deepvale
Dellbarrow
Dorwald
Draccastle
Eastborough
Edgecliff
Fallwitch

City map #141: 0 camera(s) found

City map #142: 19 camera(s) found
Aldford
Blackpond
Bluecliff
Bluefair
Bluegold
Bridgeacre
Butterloch
Byport
Crystalvale
Deepbridge
Deepmeadow
Deepwind
Draccastle
Eastborough
Eastedge
Faywald
Faywater
Faywick
Janford

City map #143: 3 camera(s) found
Aldmist
Blackton
Bushlake

City map #144: 0 camera(s) found

City map #145: 0 camera(s) found

City map #146: 7 camera(s) found
Aldmist
Ashton
Blackpond
Butterloch
Deepmeadow
Estercastle
Esterden

City map #147: 0 camera(s) found

City map #148: 0 camera(s) found

City map #149: 2 camera(s) found
Aldmallow
Applebarrow

City map #150: 0 camera(s) found

City map #151: 6 camera(s) found
Belcrest
Bellvale
Blackbarrow
Bushlake
Butterbank
Castlecoast

City map #152: 4 camera(s) found
Aldford
Aldmist
Applelake
Bridgeacre

City map #153: 0 camera(s) found

City map #154: 0 camera(s) found

City map #155: 11 camera(s) found
Applebarrow
Beachhollow
Blackbarrow
Blackton
Bluefair
Butterloch
Buttershade
Castlecoast
Clearcliff
Clearston
Crystalbay

City map #156: 0 camera(s) found

City map #157: 2 camera(s) found
Aldmist
Blackbarrow

City map #158: 0 camera(s) found

City map #159: 0 camera(s) found

City map #160: 2 camera(s) found
Aldmist
Coracre

City map #161: 4 camera(s) found
Aldmallow
Aldmist
Ashfield
Ashton

City map #162: 0 camera(s) found

City map #163: 1 camera(s) found
Ashton

City map #164: 0 camera(s) found

City map #165: 13 camera(s) found
Aldmallow
Butterbank
Castlecoast
Coracre
Crystalvale
Deepbridge
Deeplight
Deepwind
Estercastle
Falledge
Faycastle
Faywald
Fogley

City map #166: 4 camera(s) found
Aldmallow
Applebridge
Applelake
Beachhollow

City map #167: 8 camera(s) found
Aldcliff
Aldford
Aldpond
Applebarrow
Applelake
Belhaven
Bluecliff
Bluefair

City map #168: 4 camera(s) found
Blackham
Coracre
Corcliff
Crystalshade

City map #169: 3 camera(s) found
Blackbarrow
Bluehill
Brightfalcon

City map #170: 0 camera(s) found

City map #171: 0 camera(s) found

City map #172: 9 camera(s) found
Aldmallow
Aldmist
Aldpond
Dellbarrow
Edgecliff
Fallwitch
Glassbridge
Goldacre
Greenmist

City map #173: 14 camera(s) found
Applelake
Beachhollow
Bellvale
Blackbarrow
Bluecliff
Bluegold
Bluehill
Brightgrass
Castlecoast
Clearcliff
Deepbridge
Deepvale
Deepwind
Dorwald

City map #174: 11 camera(s) found
Aldmist
Ashfield
Bellvale
Blackbarrow
Bluegold
Bridgeacre
Brightgrass
Butterspring
Byport
Castlecoast
Clearston

City map #175: 5 camera(s) found
Applebarrow
Ashfield
Ashton
Belcrest
Bellvale

City map #176: 8 camera(s) found
Aldmallow
Belhaven
Blackbarrow
Blackham
Bluegold
Bridgeacre
Bushlake
Buttershade

City map #177: 4 camera(s) found
Aldford
Applelake
Ashfield
Blackbarrow

City map #178: 4 camera(s) found
Aldmallow
Aldmist
Aldpond
Belcrest

City map #179: 4 camera(s) found
Aldford
Aldmallow
Applelake
Blackpond

City map #180: 11 camera(s) found
Aldford
Applebridge
Applelake
Belcrest
Crystalshade
Deepbridge
Deepcoast
Deepholt
Deeplight
Edgecliff
Fallgriffin

City map #181: 0 camera(s) found

City map #182: 4 camera(s) found
Aldford
Aldpond
Applebridge
Ashton

City map #183: 1 camera(s) found
Aldford

City map #184: 0 camera(s) found

City map #185: 7 camera(s) found
Aldmist
Blackton
Bridgeacre
Bushlake
Butterspring
Deepbridge
Deepvale

City map #186: 0 camera(s) found

City map #187: 4 camera(s) found
Aldcliff
Aldmist
Aldshore
Applelake

City map #188: 20 camera(s) found
Aldcliff
Ashton
Belcrest
Belhaven
Blackham
Blackpond
Blackton
Bluehill
Buttershade
Butterspring
Castlecoast
Coldcliff
Coracre
Deepcoast
Deepholt
Fallash
Faycrystal
Faywater
Glassbridge
Glassfog

City map #189: 5 camera(s) found
Aldmallow
Ashfield
Beachhollow
Belhaven
Blackton

City map #190: 0 camera(s) found

City map #191: 0 camera(s) found

City map #192: 12 camera(s) found
Aldford
Ashfield
Beachhollow
Blackton
Brightgrass
Bushlake
Deepcoast
Deepholt
Eastborough
Estercastle
Greenmist
Greyedge

City map #193: 11 camera(s) found
Aldford
Aldmallow
Blackton
Bluehill
Bridgeacre
Brightgrass
Buttershade
Butterspring
Clearcliff
Deepmeadow
Eastedge

City map #194: 3 camera(s) found
Dellbarrow
Fogtown
Greengriffin

City map #195: 0 camera(s) found

City map #196: 0 camera(s) found

City map #197: 6 camera(s) found
Aldmallow
Blackham
Bluecliff
Deepcoast
Draccastle
Faymoor

City map #198: 0 camera(s) found

City map #199: 0 camera(s) found

City map #200: 0 camera(s) found

